[debug] [2025-05-19T21:16:42.898Z] ----------------------------------------------------------------------
[debug] [2025-05-19T21:16:42.899Z] Command:       /usr/local/share/nvm/versions/node/v20.12.1/bin/node /home/codespace/nvm/current/bin/firebase login
[debug] [2025-05-19T21:16:42.899Z] CLI Version:   14.4.0
[debug] [2025-05-19T21:16:42.899Z] Platform:      linux
[debug] [2025-05-19T21:16:42.899Z] Node Version:  v20.12.1
[debug] [2025-05-19T21:16:42.899Z] Time:          Mon May 19 2025 21:16:42 GMT+0000 (Coordinated Universal Time)
[debug] [2025-05-19T21:16:42.899Z] ----------------------------------------------------------------------
[debug] 
[info] i  Firebase optionally collects CLI and Emulator Suite usage and error reporting information to help improve our products. Data is collected in accordance with Google's privacy policy (https://policies.google.com/privacy) and is not used to identify you.
 
[info] i  To change your data collection preference at any time, run `firebase logout` and log in again. 
[info] 
[info] Visit this URL on this device to log in:
[info] https://accounts.google.com/o/oauth2/auth?client_id=563584335869-fgrhgmd47bqnekij5i8b5pr03ho849e6.apps.googleusercontent.com&scope=email%20openid%20https%3A%2F%2Fwww.googleapis.com%2Fauth%2Fcloudplatformprojects.readonly%20https%3A%2F%2Fwww.googleapis.com%2Fauth%2Ffirebase%20https%3A%2F%2Fwww.googleapis.com%2Fauth%2Fcloud-platform&response_type=code&state=151767788&redirect_uri=http%3A%2F%2Flocalhost%3A9005
[info] 
[info] Waiting for authentication...
[debug] [2025-05-19T21:18:23.683Z] ----------------------------------------------------------------------
[debug] [2025-05-19T21:18:23.684Z] Command:       /usr/local/share/nvm/versions/node/v20.12.1/bin/node /home/codespace/nvm/current/bin/firebase login
[debug] [2025-05-19T21:18:23.684Z] CLI Version:   14.4.0
[debug] [2025-05-19T21:18:23.684Z] Platform:      linux
[debug] [2025-05-19T21:18:23.685Z] Node Version:  v20.12.1
[debug] [2025-05-19T21:18:23.685Z] Time:          Mon May 19 2025 21:18:23 GMT+0000 (Coordinated Universal Time)
[debug] [2025-05-19T21:18:23.685Z] ----------------------------------------------------------------------
[debug] 
[info] i  Firebase optionally collects CLI and Emulator Suite usage and error reporting information to help improve our products. Data is collected in accordance with Google's privacy policy (https://policies.google.com/privacy) and is not used to identify you.
 
[info] i  To change your data collection preference at any time, run `firebase logout` and log in again. 
[info] 
[info] Visit this URL on this device to log in:
[info] https://accounts.google.com/o/oauth2/auth?client_id=563584335869-fgrhgmd47bqnekij5i8b5pr03ho849e6.apps.googleusercontent.com&scope=email%20openid%20https%3A%2F%2Fwww.googleapis.com%2Fauth%2Fcloudplatformprojects.readonly%20https%3A%2F%2Fwww.googleapis.com%2Fauth%2Ffirebase%20https%3A%2F%2Fwww.googleapis.com%2Fauth%2Fcloud-platform&response_type=code&state=849503366&redirect_uri=http%3A%2F%2Flocalhost%3A9005
[info] 
[info] Waiting for authentication...
[debug] [2025-05-19T21:20:34.386Z] ----------------------------------------------------------------------
[debug] [2025-05-19T21:20:34.388Z] Command:       /usr/local/share/nvm/versions/node/v20.12.1/bin/node /home/codespace/nvm/current/bin/firebase login
[debug] [2025-05-19T21:20:34.388Z] CLI Version:   14.4.0
[debug] [2025-05-19T21:20:34.388Z] Platform:      linux
[debug] [2025-05-19T21:20:34.388Z] Node Version:  v20.12.1
[debug] [2025-05-19T21:20:34.388Z] Time:          Mon May 19 2025 21:20:34 GMT+0000 (Coordinated Universal Time)
[debug] [2025-05-19T21:20:34.388Z] ----------------------------------------------------------------------
[debug] 
[info] i  Firebase optionally collects CLI and Emulator Suite usage and error reporting information to help improve our products. Data is collected in accordance with Google's privacy policy (https://policies.google.com/privacy) and is not used to identify you.
 
[info] i  To change your data collection preference at any time, run `firebase logout` and log in again. 
[info] 
[info] Visit this URL on this device to log in:
[info] https://accounts.google.com/o/oauth2/auth?client_id=563584335869-fgrhgmd47bqnekij5i8b5pr03ho849e6.apps.googleusercontent.com&scope=email%20openid%20https%3A%2F%2Fwww.googleapis.com%2Fauth%2Fcloudplatformprojects.readonly%20https%3A%2F%2Fwww.googleapis.com%2Fauth%2Ffirebase%20https%3A%2F%2Fwww.googleapis.com%2Fauth%2Fcloud-platform&response_type=code&state=3863220&redirect_uri=http%3A%2F%2Flocalhost%3A9005
[info] 
[info] Waiting for authentication...
[debug] [2025-05-19T21:33:40.237Z] ----------------------------------------------------------------------
[debug] [2025-05-19T21:33:40.239Z] Command:       /usr/local/share/nvm/versions/node/v20.12.1/bin/node /home/codespace/nvm/current/bin/firebase login
[debug] [2025-05-19T21:33:40.239Z] CLI Version:   14.4.0
[debug] [2025-05-19T21:33:40.239Z] Platform:      linux
[debug] [2025-05-19T21:33:40.239Z] Node Version:  v20.12.1
[debug] [2025-05-19T21:33:40.239Z] Time:          Mon May 19 2025 21:33:40 GMT+0000 (Coordinated Universal Time)
[debug] [2025-05-19T21:33:40.239Z] ----------------------------------------------------------------------
[debug] 
[info] i  Firebase optionally collects CLI and Emulator Suite usage and error reporting information to help improve our products. Data is collected in accordance with Google's privacy policy (https://policies.google.com/privacy) and is not used to identify you.
 
